1666662013309	geckodriver	INFO	Listening on 127.0.0.1:62014
1666662015323	mozrunner::runner	INFO	Running command: "C:\\Program Files\\Mozilla Firefox\\firefox.exe" "--marionette" "--remote-debugging-port" "62015" "--remote-allow-hosts" "localhost" "-no-remote" "-profile" "C:\\Users\\Martin\\AppData\\Local\\Temp\\rust_mozprofile6UTkqP"
1666662015785	Marionette	INFO	Marionette enabled
1666662015790	Marionette	INFO	Listening on port 62024
Read port: 62024
WebDriver BiDi listening on ws://127.0.0.1:62015
1666662015932	RemoteAgent	WARN	TLS certificate errors will be ignored for this session
console.warn: SearchSettings: "get: No settings file exists, new profile?" (new NotFoundError("Could not open the file at C:\\Users\\Martin\\AppData\\Local\\Temp\\rust_mozprofile6UTkqP\\search.json.mozlz4", (void 0)))
DevTools listening on ws://127.0.0.1:62015/devtools/browser/adf57617-a9c1-4284-b9f2-c6b8e016fdbf
JavaScript error: https://media.ethicalads.io/media/client/v1.4.0/ethicalads.min.js, line 1: Error: No ad placements found.
JavaScript error: resource:///actors/FormValidationChild.jsm, line 183: TypeError: this._element is null
console.warn: LoginRecipes: "Falling back to a synchronous message for: https://www.python.org."
1666662019329	Marionette	INFO	Stopped listening on port 62024
1666662613454	geckodriver	INFO	Listening on 127.0.0.1:62485
1666662615475	mozrunner::runner	INFO	Running command: "C:\\Program Files\\Mozilla Firefox\\firefox.exe" "--marionette" "--remote-debugging-port" "62486" "--remote-allow-hosts" "localhost" "-no-remote" "-profile" "C:\\Users\\Martin\\AppData\\Local\\Temp\\rust_mozprofileygPKRL"
1666662615765	Marionette	INFO	Marionette enabled
1666662615769	Marionette	INFO	Listening on port 62498
Read port: 62498
WebDriver BiDi listening on ws://127.0.0.1:62486
1666662615878	RemoteAgent	WARN	TLS certificate errors will be ignored for this session
console.warn: SearchSettings: "get: No settings file exists, new profile?" (new NotFoundError("Could not open the file at C:\\Users\\Martin\\AppData\\Local\\Temp\\rust_mozprofileygPKRL\\search.json.mozlz4", (void 0)))
DevTools listening on ws://127.0.0.1:62486/devtools/browser/90254f4d-d33b-4360-bd99-f3fd8ead8ee8
JavaScript warning: https://pagead2.googlesyndication.com/bg/gCRIKOWNSb5IUDc5H65fq3HhyX6JbrBsmszYwBj9iG8.js line 2 > eval line 5681 > eval line 1 > eval line 1 > eval, line 1: WEBGL_debug_renderer_info is deprecated in Firefox and will be removed. Please use RENDERER.
JavaScript error: https://77d8cde0cb93815a4e5dcf7fdc4645d8.safeframe.googlesyndication.com/safeframe/1-0-38/html/container.html, line 1197: SyntaxError: expected expression, got ','
1666663328143	Marionette	INFO	Stopped listening on port 62498
JavaScript error: , line 0: TypeError: NetworkError when attempting to fetch resource.
console.warn: TopSitesFeed: Failed to fetch data from Contile server: NetworkError when attempting to fetch resource.
" "C:\\Users\\Martin\\AppData\\Local\\Temp\\rust_mozprofileDEjNlr"
1666662671523	Marionette	INFO	Marionette enabled
1666662671528	Marionette	INFO	Listening on port 62656
Read port: 62656
WebDriver BiDi listening on ws://127.0.0.1:62645
1666662671632	RemoteAgent	WARN	TLS certificate errors will be ignored for this session
console.warn: SearchSettings: "get: No settings file exists, new profile?" (new NotFoundError("Could not open the file at C:\\Users\\Martin\\AppData\\Local\\Temp\\rust_mozprofileDEjNlr\\search.json.mozlz4", (void 0)))
DevTools listening on ws://127.0.0.1:62645/devtools/browser/1362d194-992c-4f36-8a8b-6f3c10f384d9
JavaScript warning: https://pagead2.googlesyndication.com/bg/gCRIKOWNSb5IUDc5H65fq3HhyX6JbrBsmszYwBj9iG8.js line 2 > eval line 3107 > eval line 1 > eval line 1 > eval, line 1: WEBGL_debug_renderer_info is deprecated in Firefox and will be removed. Please use RENDERER.
JavaScript error: https://28358a017a0916f7eddf358fbb1eebaf.safeframe.googlesyndication.com/safeframe/1-0-38/html/container.html, line 1198: SyntaxError: expected expression, got ','
SourceActor threw an exception: [Exception... "Component returned failure code: 0x80470002 (NS_BASE_STREAM_CLOSED) [nsIInputStream.available]"  nsresult: "0x80470002 (NS_BASE_STREAM_CLOSED)"  location: "JS frame :: resource://devtools/shared/DevToolsUtils.js :: onResponse :: line 593"  data: no]
Stack: onResponse@resource://devtools/shared/DevToolsUtils.js:593:34
onStopRequest@resource://gre/modules/NetUtil.jsm:126:18
Line: 593, column: 0
console.error: ({})
JavaScript error: resource://devtools/shared/DevToolsUtils.js, line 593: NS_BASE_STREAM_CLOSED: Component returned failure code: 0x80470002 (NS_BASE_STREAM_CLOSED) [nsIInputStream.available]
SourceActor threw an exception: [Exception... "Component returned failure code: 0x80470002 (NS_BASE_STREAM_CLOSED) [nsIInputStream.available]"  nsresult: "0x80470002 (NS_BASE_STREAM_CLOSED)"  location: "JS frame :: resource://devtools/shared/DevToolsUtils.js :: onResponse :: line 593"  data: no]
Stack: onResponse@resource://devtools/shared/DevToolsUtils.js:593:34
onStopRequest@resource://gre/modules/NetUtil.jsm:126:18
Line: 593, column: 0
console.error: ({})
JavaScript error: resource://devtools/shared/DevToolsUtils.js, line 593: NS_BASE_STREAM_CLOSED: Component returned failure code: 0x80470002 (NS_BASE_STREAM_CLOSED) [nsIInputStream.available]
JavaScript error: resource://gre/modules/AsyncShutdown.jsm, line 576: NotFoundError: No such JSWindowActor 'DevToolsFrame'
JavaScript error: resource://gre/modules/AsyncShutdown.jsm, line 576: NotFoundError: No such JSWindowActor 'DevToolsFrame'
JavaScript error: resource://gre/modules/AsyncShutdown.jsm, line 576: NotFoundError: No such JSWindowActor 'DevToolsFrame'
JavaScript error: resource://gre/modules/AsyncShutdown.jsm, line 576: NotFoundError: No such JSWindowActor 'DevToolsFrame'
JavaScript error: resource://gre/modules/AsyncShutdown.jsm, line 576: NotFoundError: No such JSWindowActor 'DevToolsFrame'
JavaScript error: resource://gre/modules/AsyncShutdown.jsm, line 576: NotFoundError: No such JSWindowActor 'DevToolsFrame'
JavaScript error: resource://gre/modules/AsyncShutdown.jsm, line 576: NotFoundError: No such JSWindowActor 'DevToolsFrame'
JavaScript error: resource://gre/modules/AsyncShutdown.jsm, line 576: NotFoundError: No such JSWindowActor 'DevToolsFrame'
JavaScript error: resource://gre/modules/AsyncShutdown.jsm, line 576: NotFoundError: No such JSWindowActor 'DevToolsFrame'
JavaScript error: resource://gre/modules/AsyncShutdown.jsm, line 576: NotFoundError: No such JSWindowActor 'DevToolsFrame'
JavaScript error: resource://gre/modules/AsyncShutdown.jsm, line 576: NotFoundError: No such JSWindowActor 'DevToolsFrame'
JavaScript error: resource://gre/modules/AsyncShutdown.jsm, line 576: NotFoundError: No such JSWindowActor 'DevToolsFrame'
JavaScript error: resource://gre/modules/AsyncShutdown.jsm, line 576: NotFoundError: No such JSWindowActor 'DevToolsFrame'
1666662928654	Marionette	INFO	Stopped listening on port 62656
JavaScript error: , line 0: TypeError: NetworkError when attempting to fetch resource.
1666662930950	geckodriver	INFO	Listening on 127.0.0.1:63017
1666662932964	mozrunner::runner	INFO	Running command: "C:\\Program Files\\Mozilla Firefox\\firefox.exe" "--marionette" "--remote-debugging-port" "63018" "--remote-allow-hosts" "localhost" "-no-remote" "-profile" "C:\\Users\\Martin\\AppData\\Local\\Temp\\rust_mozprofileAY23c7"
1666662933258	Marionette	INFO	Marionette enabled
1666662933262	Marionette	INFO	Listening on port 63029
Read port: 63029
WebDriver BiDi listening on ws://127.0.0.1:63018
1666662933369	RemoteAgent	WARN	TLS certificate errors will be ignored for this session
console.warn: SearchSettings: "get: No settings file exists, new profile?" (new NotFoundError("Could not open the file at C:\\Users\\Martin\\AppData\\Local\\Temp\\rust_mozprofileAY23c7\\search.json.mozlz4", (void 0)))
DevTools listening on ws://127.0.0.1:63018/devtools/browser/fc46883a-9904-433d-a4eb-0127d640b0b4
JavaScript warning: https://pagead2.googlesyndication.com/bg/gCRIKOWNSb5IUDc5H65fq3HhyX6JbrBsmszYwBj9iG8.js line 2 > eval line 1819 > eval line 1 > eval line 1 > eval, line 1: WEBGL_debug_renderer_info is deprecated in Firefox and will be removed. Please use RENDERER.
JavaScript error: https://33a06d752f7231bd7c1f44a401acebe5.safeframe.googlesyndication.com/safeframe/1-0-38/html/container.html, line 1197: SyntaxError: expected expression, got ','
1666663321569	Marionette	INFO	Stopped listening on port 63029
JavaScript error: , line 0: TypeError: NetworkError when attempting to fetch resource.
console.warn: TopSitesFeed: Failed to fetch data from Contile server: NetworkError when attempting to fetch resource.
" "C:\\Users\\Martin\\AppData\\Local\\Temp\\rust_mozprofileyY4pMC"
1666662974323	Marionette	INFO	Marionette enabled
1666662974327	Marionette	INFO	Listening on port 63172
Read port: 63172
WebDriver BiDi listening on ws://127.0.0.1:63161
1666662974555	RemoteAgent	WARN	TLS certificate errors will be ignored for this session
console.warn: SearchSettings: "get: No settings file exists, new profile?" (new NotFoundError("Could not open the file at C:\\Users\\Martin\\AppData\\Local\\Temp\\rust_mozprofileyY4pMC\\search.json.mozlz4", (void 0)))
DevTools listening on ws://127.0.0.1:63161/devtools/browser/60014faf-7dca-44f0-af9c-1aaa2a7919fc
JavaScript warning: https://pagead2.googlesyndication.com/bg/gCRIKOWNSb5IUDc5H65fq3HhyX6JbrBsmszYwBj9iG8.js line 2 > eval line 2645 > eval line 1 > eval line 1 > eval, line 1: WEBGL_debug_renderer_info is deprecated in Firefox and will be removed. Please use RENDERER.
JavaScript error: https://877e5770fadd054109445f3415b65b2e.safeframe.googlesyndication.com/safeframe/1-0-38/html/container.html, line 1198: SyntaxError: expected expression, got ','
console.warn: "Listener for event 'frame' did not return a promise."
console.warn: "Listener for event 'frame' did not return a promise."
console.warn: "Listener for event 'frame' did not return a promise."
console.warn: "Listener for event 'frame' did not return a promise."
console.warn: "Listener for event 'frame' did not return a promise."
console.warn: "Listener for event 'frame' did not return a promise."
console.warn: "Listener for event 'frame' did not return a promise."
console.error: (new TypeError("container.node.targetFront is null", "resource://devtools/client/inspector/markup/markup.js", 2351))
JavaScript error: resource://gre/modules/AsyncShutdown.jsm, line 576: NotFoundError: No such JSWindowActor 'DevToolsFrame'
JavaScript error: resource://gre/modules/AsyncShutdown.jsm, line 576: NotFoundError: No such JSWindowActor 'DevToolsFrame'
JavaScript error: resource://gre/modules/AsyncShutdown.jsm, line 576: NotFoundError: No such JSWindowActor 'DevToolsFrame'
JavaScript error: resource://gre/modules/AsyncShutdown.jsm, line 576: NotFoundError: No such JSWindowActor 'DevToolsFrame'
JavaScript error: resource://gre/modules/AsyncShutdown.jsm, line 576: NotFoundError: No such JSWindowActor 'DevToolsFrame'
JavaScript error: resource://gre/modules/AsyncShutdown.jsm, line 576: NotFoundError: No such JSWindowActor 'DevToolsFrame'
JavaScript error: resource://gre/modules/AsyncShutdown.jsm, line 576: NotFoundError: No such JSWindowActor 'DevToolsFrame'
JavaScript error: resource://gre/modules/AsyncShutdown.jsm, line 576: NotFoundError: No such JSWindowActor 'DevToolsFrame'
JavaScript error: resource://gre/modules/AsyncShutdown.jsm, line 576: NotFoundError: No such JSWindowActor 'DevToolsFrame'
JavaScript error: resource://gre/modules/AsyncShutdown.jsm, line 576: NotFoundError: No such JSWindowActor 'DevToolsFrame'
JavaScript error: resource://gre/modules/AsyncShutdown.jsm, line 576: NotFoundError: No such JSWindowActor 'DevToolsFrame'
JavaScript error: resource://gre/modules/AsyncShutdown.jsm, line 576: NotFoundError: No such JSWindowActor 'DevToolsFrame'
JavaScript error: resource://gre/modules/AsyncShutdown.jsm, line 576: NotFoundError: No such JSWindowActor 'DevToolsFrame'
1666663021167	Marionette	INFO	Stopped listening on port 63172
JavaScript error: , line 0: TypeError: NetworkError when attempting to fetch resource.
1666663023021	geckodriver	INFO	Listening on 127.0.0.1:63318
1666663025035	mozrunner::runner	INFO	Running command: "C:\\Program Files\\Mozilla Firefox\\firefox.exe" "--marionette" "--remote-debugging-port" "63319" "--remote-allow-hosts" "localhost" "-no-remote" "-profile" "C:\\Users\\Martin\\AppData\\Local\\Temp\\rust_mozprofileHwvgyO"
1666663025332	Marionette	INFO	Marionette enabled
1666663025336	Marionette	INFO	Listening on port 63331
Read port: 63331
WebDriver BiDi listening on ws://127.0.0.1:63319
1666663025441	RemoteAgent	WARN	TLS certificate errors will be ignored for this session
console.warn: SearchSettings: "get: No settings file exists, new profile?" (new NotFoundError("Could not open the file at C:\\Users\\Martin\\AppData\\Local\\Temp\\rust_mozprofileHwvgyO\\search.json.mozlz4", (void 0)))
DevTools listening on ws://127.0.0.1:63319/devtools/browser/8baad4f7-e62c-40f7-934a-766bf2cdd2ff
JavaScript warning: https://pagead2.googlesyndication.com/bg/gCRIKOWNSb5IUDc5H65fq3HhyX6JbrBsmszYwBj9iG8.js line 2 > eval line 1471 > eval line 1 > eval line 1 > eval, line 1: WEBGL_debug_renderer_info is deprecated in Firefox and will be removed. Please use RENDERER.
JavaScript error: https://8a8ec23177471072f8ad67a3cd429cb7.safeframe.googlesyndication.com/safeframe/1-0-38/html/container.html, line 1198: SyntaxError: expected expression, got ','
1666663032654	Marionette	INFO	Stopped listening on port 63331
JavaScript error: , line 0: TypeError: NetworkErroconsole.warn: TopSitesFeed: Failed to fetch data from Contile server: NetworkError when attempting to fetch resource.
r when attempting to fetch resource.
1666663034211	geckodriver	INFO	Listening on 127.0.0.1:63431
1666663036228	mozrunner::runner	INFO	Running command: "C:\\Program Files\\Mozilla Firefox\\firefox.exe" "--marionette" "--remote-debugging-port" "63432" "--remote-allow-hosts" "localhost" "-no-remote" "-profile" "C:\\Users\\Martin\\AppData\\Local\\Temp\\rust_mozprofilefJLtbl"
1666663036523	Marionette	INFO	Marionette enabled
1666663036528	Marionette	INFO	Listening on port 63443
Read port: 63443
WebDriver BiDi listening on ws://127.0.0.1:63432
1666663036636	RemoteAgent	WARN	TLS certificate errors will be ignored for this session
console.warn: SearchSettings: "get: No settings file exists, new profile?" (new NotFoundError("Could not open the file at C:\\Users\\Martin\\AppData\\Local\\Temp\\rust_mozprofilefJLtbl\\search.json.mozlz4", (void 0)))
DevTools listening on ws://127.0.0.1:63432/devtools/browser/c472eb3b-44c9-4af3-acc7-3f5aa7821056
JavaScript warning: https://pagead2.googlesyndication.com/bg/gCRIKOWNSb5IUDc5H65fq3HhyX6JbrBsmszYwBj9iG8.js line 2 > eval line 3372 > eval line 1 > eval line 1 > eval, line 1: WEBGL_debug_renderer_info is deprecated in Firefox and will be removed. Please use RENDERER.
JavaScript error: https://3d243324416d942e967a874bb3d86d23.safeframe.googlesyndication.com/safeframe/1-0-38/html/container.html, line 1197: SyntaxError: expected expression, got ','
console.warn: "Listener for event 'frame' did not return a promise."
console.warn: "Listener for event 'frame' did not return a promise."
SourceActor threw an exception: [Exception... "Component returned failure code: 0x80470002 (NS_BASE_STREAM_CLOSED) [nsIInputStream.available]"  nsresult: "0x80470002 (NS_BASE_STREAM_CLOSED)"  location: "JS frame :: resource://devtools/shared/DevToolsUtils.js :: onResponse :: line 593"  data: no]
Stack: onResponse@resource://devtools/shared/DevToolsUtils.js:593:34
onStopRequest@resource://gre/modules/NetUtil.jsm:126:18
Line: 593, column: 0
console.error: ({})
JavaScript error: resource://devtools/shared/DevToolsUtils.js, line 593: NS_BASE_STREAM_CLOSED: Component returned failure code: 0x80470002 (NS_BASE_STREAM_CLOSED) [nsIInputStream.available]
SourceActor threw an exception: [Exception... "Component returned failure code: 0x80470002 (NS_BASE_STREAM_CLOSED) [nsIInputStream.available]"  nsresult: "0x80470002 (NS_BASE_STREAM_CLOSED)"  location: "JS frame :: resource://devtools/shared/DevToolsUtils.js :: onResponse :: line 593"  data: no]
Stack: onResponse@resource://devtools/shared/DevToolsUtils.js:593:34
onStopRequest@resource://gre/modules/NetUtil.jsm:126:18
Line: 593, column: 0
console.error: ({})
JavaScript error: resource://devtools/shared/DevToolsUtils.js, line 593: NS_BASE_STREAM_CLOSED: Component returned failure code: 0x80470002 (NS_BASE_STREAM_CLOSED) [nsIInputStream.available]
console.warn: "Listener for event 'frame' did not return a promise."
console.warn: "Listener for event 'frame' did not return a promise."
console.warn: "Listener for event 'frame' did not return a promise."
console.error: (new TypeError("container.node.targetFront is null", "resource://devtools/client/inspector/markup/markup.js", 2351))
console.error: "Unable to find target with innerWindowId:4294967317"
console.warn: "Listener for event 'frame' did not return a promise."
console.warn: "Listener for event 'frame' did not return a promise."
console.warn: "Listener for event 'frame' did not return a promise."
console.warn: "Listener for event 'frame' did not return a promise."
console.warn: "Listener for event 'frame' did not return a promise."
console.warn: "Listener for event 'frame' did not return a promise."
console.warn: "Listener for event 'frame' did not return a promise."
JavaScript warning: https://pagead2.googlesyndication.com/bg/gCRIKOWNSb5IUDc5H65fq3HhyX6JbrBsmszYwBj9iG8.js line 2 > eval line 946 > eval line 1 > eval line 1 > eval, line 1: WEBGL_debug_renderer_info is deprecated in Firefox and will be removed. Please use RENDERER.
console.warn: "Async method failed in safeAsyncMethod" (new Error("Connection closed, pending request to server0.conn0.windowGlobal4294967351/layout23, type getGrids failed\n\nRequest stack:\nrequest@resource://devtools/shared/protocol/Front.js:300:14\ngenerateRequestMethods/</frontProto[name]@resource://devtools/shared/protocol/Front/FrontClassWithSpec.js:48:19\ngetAllGrids@resource://devtools/client/fronts/layout.js:171:17\nexports.safeAsyncMethod/<@resource://devtools/shared/async-utils.js:61:25\ngetGrids@resource://devtools/client/inspector/grids/grid-inspector.js:448:35\n", "resource://devtools/shared/protocol/Front.js", 106))
console.warn: "Listener for event 'frame' did not return a promise."
console.warn: "Listener for event 'frame' did not return a promise."
JavaScript error: https://a40c2db026a6da659e338b3092129bba.safeframe.googlesyndication.com/safeframe/1-0-38/html/container.html, line 1198: SyntaxError: expected expression, got ','
JavaScript error: resource://gre/modules/AsyncShutdown.jsm, line 576: NotFoundError: No such JSWindowActor 'DevToolsFrame'
JavaScript error: resource://gre/modules/AsyncShutdown.jsm, line 576: NotFoundError: No such JSWindowActor 'DevToolsFrame'
JavaScript error: resource://gre/modules/AsyncShutdown.jsm, line 576: NotFoundError: No such JSWindowActor 'DevToolsFrame'
JavaScript error: resource://gre/modules/AsyncShutdown.jsm, line 576: NotFoundError: No such JSWindowActor 'DevToolsFrame'
JavaScript error: resource://gre/modules/AsyncShutdown.jsm, line 576: NotFoundError: No such JSWindowActor 'DevToolsFrame'
JavaScript error: resource://gre/modules/AsyncShutdown.jsm, line 576: NotFoundError: No such JSWindowActor 'DevToolsFrame'
JavaScript error: resource://gre/modules/AsyncShutdown.jsm, line 576: NotFoundError: No such JSWindowActor 'DevToolsFrame'
JavaScript error: resource://gre/modules/AsyncShutdown.jsm, line 576: NotFoundError: No such JSWindowActor 'DevToolsFrame'
1666663874636	Marionette	INFO	Stopped listening on port 63443
JavaScript error: , line 0: TypeError: NetworkError when attempting to fetch resource.
[Parent 9800, IPC I/O Parent] WARNING: DuplicateHandle failed for handle 0 in TransferHandles: file /builds/worker/checkouts/gecko/ipc/chromium/src/chrome/common/ipc_channel_win.cc:723
xError: expected expression, got ','
1666663323678	Marionette	INFO	Stopped listening on port 63710
JavaScript error: , line 0: TypeError: NetworkError when attempting to fetch resource.
console.warn: TopSitesFeed: Failed to fetch data from Contile server: NetworkError when attempting to fetch resource.
1666663501761	geckodriver	INFO	Listening on 127.0.0.1:64167
1666663503778	mozrunner::runner	INFO	Running command: "C:\\Program Files\\Mozilla Firefox\\firefox.exe" "--marionette" "--remote-debugging-port" "64168" "--remote-allow-hosts" "localhost" "-no-remote" "-profile" "C:\\Users\\Martin\\AppData\\Local\\Temp\\rust_mozprofile8XDveF"
1666663504073	Marionette	INFO	Marionette enabled
1666663504077	Marionette	INFO	Listening on port 64179
Read port: 64179
WebDriver BiDi listening on ws://127.0.0.1:64168
1666663504185	RemoteAgent	WARN	TLS certificate errors will be ignored for this session
console.warn: SearchSettings: "get: No settings file exists, new profile?" (new NotFoundError("Could not open the file at C:\\Users\\Martin\\AppData\\Local\\Temp\\rust_mozprofile8XDveF\\search.json.mozlz4", (void 0)))
DevTools listening on ws://127.0.0.1:64168/devtools/browser/167ae5e3-e42d-44a6-bb58-b40c80392beb
JavaScript error: https://64fb4fb6439f72955ee745898c661d52.safeframe.googlesyndication.com/safeframe/1-0-38/html/container.html, line 1198: SyntaxError: expected expression, got ','
JavaScript warning: https://pagead2.googlesyndication.com/bg/gCRIKOWNSb5IUDc5H65fq3HhyX6JbrBsmszYwBj9iG8.js line 2 > eval line 6088 > eval line 1 > eval line 1 > eval, line 1: WEBGL_debug_renderer_info is deprecated in Firefox and will be removed. Please use RENDERER.
SourceActor threw an exception: [Exception... "Component returned failure code: 0x80470002 (NS_BASE_STREAM_CLOSED) [nsIInputStream.available]"  nsresult: "0x80470002 (NS_BASE_STREAM_CLOSED)"  location: "JS frame :: resource://devtools/shared/DevToolsUtils.js :: onResponse :: line 593"  data: no]
Stack: onResponse@resource://devtools/shared/DevToolsUtils.js:593:34
onStopRequest@resource://gre/modules/NetUtil.jsm:126:18
Line: 593, column: 0
console.error: ({})
JavaScript error: resource://devtools/shared/DevToolsUtils.js, line 593: NS_BASE_STREAM_CLOSED: Component returned failure code: 0x80470002 (NS_BASE_STREAM_CLOSED) [nsIInputStream.available]
console.warn: "Listener for event 'frame' did not return a promise."
console.warn: "Listener for event 'frame' did not return a promise."
SourceActor threw an exception: [Exception... "Component returned failure code: 0x80470002 (NS_BASE_STREAM_CLOSED) [nsIInputStream.available]"  nsresult: "0x80470002 (NS_BASE_STREAM_CLOSED)"  location: "JS frame :: resource://devtools/shared/DevToolsUtils.js :: onResponse :: line 593"  data: no]
Stack: onResponse@resource://devtools/shared/DevToolsUtils.js:593:34
onStopRequest@resource://gre/modules/NetUtil.jsm:126:18
Line: 593, column: 0
console.error: ({})
JavaScript error: resource://devtools/shared/DevToolsUtils.js, line 593: NS_BASE_STREAM_CLOSED: Component returned failure code: 0x80470002 (NS_BASE_STREAM_CLOSED) [nsIInputStream.available]
console.warn: "Listener for event 'frame' did not return a promise."
JavaScript error: resource://gre/modules/AsyncShutdown.jsm, line 576: NotFoundError: No such JSWindowActor 'DevToolsFrame'
JavaScript error: resource://gre/modules/AsyncShutdown.jsm, line 576: NotFoundError: No such JSWindowActor 'DevToolsFrame'
JavaScript error: resource://gre/modules/AsyncShutdown.jsm, line 576: NotFoundError: No such JSWindowActor 'DevToolsFrame'
JavaScript error: resource://gre/modules/AsyncShutdown.jsm, line 576: NotFoundError: No such JSWindowActor 'DevToolsFrame'
JavaScript error: resource://gre/modules/AsyncShutdown.jsm, line 576: NotFoundError: No such JSWindowActor 'DevToolsFrame'
JavaScript error: resource://gre/modules/AsyncShutdown.jsm, line 576: NotFoundError: No such JSWindowActor 'DevToolsFrame'
JavaScript error: resource://gre/modules/AsyncShutdown.jsm, line 576: NotFoundError: No such JSWindowActor 'DevToolsFrame'
JavaScript error: resource://gre/modules/AsyncShutdown.jsm, line 576: NotFoundError: No such JSWindowActor 'DevToolsFrame'
JavaScript error: resource://gre/modules/AsyncShutdown.jsm, line 576: NotFoundError: No such JSWindowActor 'DevToolsFrame'
JavaScript error: resource://gre/modules/AsyncShutdown.jsm, line 576: NotFoundError: No such JSWindowActor 'DevToolsFrame'
JavaScript error: resource://gre/modules/AsyncShutdown.jsm, line 576: NotFoundError: No such JSWindowActor 'DevToolsFrame'
JavaScript error: resource://gre/modules/AsyncShutdown.jsm, line 576: NotFoundError: No such JSWindowActor 'DevToolsFrame'
JavaScript error: resource://gre/modules/AsyncShutdown.jsm, line 576: NotFoundError: No such JSWindowActor 'DevToolsFrame'
1666663540892	Marionette	INFO	Stopped listening on port 64179
JavaScript error: , line 0: TypeError: NetworkError when attempting to fetch resource.
1666663542598	geckodriver	INFO	Listening on 127.0.0.1:64328
1666663544614	mozrunner::runner	INFO	Running command: "C:\\Program Files\\Mozilla Firefox\\firefox.exe" "--marionette" "--remote-debugging-port" "64329" "--remote-allow-hosts" "localhost" "-no-remote" "-profile" "C:\\Users\\Martin\\AppData\\Local\\Temp\\rust_mozprofile0fc6dj"
1666663544907	Marionette	INFO	Marionette enabled
1666663544911	Marionette	INFO	Listening on port 64340
Read port: 64340
WebDriver BiDi listening on ws://127.0.0.1:64329
1666663545019	RemoteAgent	WARN	TLS certificate errors will be ignored for this session
console.warn: SearchSettings: "get: No settings file exists, new profile?" (new NotFoundError("Could not open the file at C:\\Users\\Martin\\AppData\\Local\\Temp\\rust_mozprofile0fc6dj\\search.json.mozlz4", (void 0)))
DevTools listening on ws://127.0.0.1:64329/devtools/browser/cd4620f6-5a53-4ead-a234-95748fc1ac10
JavaScript warning: https://pagead2.googlesyndication.com/bg/gCRIKOWNSb5IUDc5H65fq3HhyX6JbrBsmszYwBj9iG8.js line 2 > eval line 3442 > eval line 1 > eval line 1 > eval, line 1: WEBGL_debug_renderer_info is deprecated in Firefox and will be removed. Please use RENDERER.
JavaScript error: https://e84ce7e5fe625955028d25d43278fa7c.safeframe.googlesyndication.com/safeframe/1-0-38/html/container.html, line 1197: SyntaxError: expected expression, got ','
SourceActor threw an exception: [Exception... "Component returned failure code: 0x80470002 (NS_BASE_STREAM_CLOSED) [nsIInputStream.available]"  nsresult: "0x80470002 (NS_BASE_STREAM_CLOSED)"  location: "JS frame :: resource://devtools/shared/DevToolsUtils.js :: onResponse :: line 593"  data: no]
Stack: onResponse@resource://devtools/shared/DevToolsUtils.js:593:34
onStopRequest@resource://gre/modules/NetUtil.jsm:126:18
Line: 593, column: 0
console.error: ({})
JavaScript error: resource://devtools/shared/DevToolsUtils.js, line 593: NS_BASE_STREAM_CLOSED: Component returned failure code: 0x80470002 (NS_BASE_STREAM_CLOSED) [nsIInputStream.available]
SourceActor threw an exception: [Exception... "Component returned failure code: 0x80470002 (NS_BASE_STREAM_CLOSED) [nsIInputStream.available]"  nsresult: "0x80470002 (NS_BASE_STREAM_CLOSED)"  location: "JS frame :: resource://devtools/shared/DevToolsUtils.js :: onResponse :: line 593"  data: no]
Stack: onResponse@resource://devtools/shared/DevToolsUtils.js:593:34
onStopRequest@resource://gre/modules/NetUtil.jsm:126:18
Line: 593, column: 0
console.error: ({})
JavaScript error: resource://devtools/shared/DevToolsUtils.js, line 593: NS_BASE_STREAM_CLOSED: Component returned failure code: 0x80470002 (NS_BASE_STREAM_CLOSED) [nsIInputStream.available]
JavaScript error: , line 0: NotFoundError: No such JSWindowActor 'DevToolsFrame'
JavaScript error: , line 0: NotFoundError: No such JSWindowActor 'DevToolsFrame'
JavaScript error: , line 0: NotFoundError: No such JSWindowActor 'DevToolsFrame'
JavaScript error: , line 0: NotFoundError: No such JSWindowActor 'DevToolsFrame'
JavaScript error: , line 0: NotFoundError: No such JSWindowActor 'DevToolsFrame'
JavaScript error: , line 0: NotFoundError: No such JSWindowActor 'DevToolsFrame'
JavaScript error: , line 0: NotFoundError: No such JSWindowActor 'DevToolsFrame'
JavaScript error: , line 0: NotFoundError: No such JSWindowActor 'DevToolsFrame'
JavaScript error: , line 0: NotFoundError: No such JSWindowActor 'DevToolsFrame'
JavaScript error: , line 0: NotFoundError: No such JSWindowActor 'DevToolsFrame'
JavaScript error: , line 0: NotFoundError: No such JSWindowActor 'DevToolsFrame'
JavaScript error: , line 0: NotFoundError: No such JSWindowActor 'DevToolsFrame'
1666663579857	Marionette	INFO	Stopped listening on port 64340
JavaScript error: , line 0: TypeError: NetworkError when attempting to fetch resource.
console.warn: TopSitesFeed: Failed to fetch data from Contile server: NetworkError when attempting to fetch resource.
1666663581199	geckodriver	INFO	Listening on 127.0.0.1:64488
1666663583215	mozrunner::runner	INFO	Running command: "C:\\Program Files\\Mozilla Firefox\\firefox.exe" "--marionette" "--remote-debugging-port" "64489" "--remote-allow-hosts" "localhost" "-no-remote" "-profile" "C:\\Users\\Martin\\AppData\\Local\\Temp\\rust_mozprofile3D8kqj"
1666663583509	Marionette	INFO	Marionette enabled
1666663583514	Marionette	INFO	Listening on port 64500
Read port: 64500
WebDriver BiDi listening on ws://127.0.0.1:64489
1666663583621	RemoteAgent	WARN	TLS certificate errors will be ignored for this session
console.warn: SearchSettings: "get: No settings file exists, new profile?" (new NotFoundError("Could not open the file at C:\\Users\\Martin\\AppData\\Local\\Temp\\rust_mozprofile3D8kqj\\search.json.mozlz4", (void 0)))
DevTools listening on ws://127.0.0.1:64489/devtools/browser/060921e1-f796-49b5-b340-0fecaaf891b3
JavaScript warning: https://pagead2.googlesyndication.com/bg/gCRIKOWNSb5IUDc5H65fq3HhyX6JbrBsmszYwBj9iG8.js line 2 > eval line 7303 > eval line 1 > eval line 1 > eval, line 1: WEBGL_debug_renderer_info is deprecated in Firefox and will be removed. Please use RENDERER.
JavaScript error: https://527988dd15486e1ec31d6ec7e239e25c.safeframe.googlesyndication.com/safeframe/1-0-38/html/container.html, line 1198: SyntaxError: expected expression, got ','
console.warn: "Listener for event 'frame' did not return a promise."
console.warn: "Listener for event 'frame' did not return a promise."
console.warn: "Listener for event 'frame' did not return a promise."
console.warn: "Listener for event 'frame' did not return a promise."
console.warn: "Listener for event 'frame' did not return a promise."
console.warn: "Listener for event 'frame' did not return a promise."
console.warn: "Listener for event 'frame' did not return a promise."
JavaScript error: resource://gre/modules/AsyncShutdown.jsm, line 576: NotFoundError: No such JSWindowActor 'DevToolsFrame'
JavaScript error: resource://gre/modules/AsyncShutdown.jsm, line 576: NotFoundError: No such JSWindowActor 'DevToolsFrame'
JavaScript error: resource://gre/modules/AsyncShutdown.jsm, line 576: NotFoundError: No such JSWindowActor 'DevToolsFrame'
JavaScript error: resource://gre/modules/AsyncShutdown.jsm, line 576: NotFoundError: No such JSWindowActor 'DevToolsFrame'
JavaScript error: resource://gre/modules/AsyncShutdown.jsm, line 576: NotFoundError: No such JSWindowActor 'DevToolsFrame'
JavaScript error: resource://gre/modules/AsyncShutdown.jsm, line 576: NotFoundError: No such JSWindowActor 'DevToolsFrame'
JavaScript error: resource://gre/modules/AsyncShutdown.jsm, line 576: NotFoundError: No such JSWindowActor 'DevToolsFrame'
JavaScript error: resource://gre/modules/AsyncShutdown.jsm, line 576: NotFoundError: No such JSWindowActor 'DevToolsFrame'
JavaScript error: resource://gre/modules/AsyncShutdown.jsm, line 576: NotFoundError: No such JSWindowActor 'DevToolsFrame'
JavaScript error: resource://gre/modules/AsyncShutdown.jsm, line 576: NotFoundError: No such JSWindowActor 'DevToolsFrame'
JavaScript error: resource://gre/modules/AsyncShutdown.jsm, line 576: NotFoundError: No such JSWindowActor 'DevToolsFrame'
JavaScript error: resource://gre/modules/AsyncShutdown.jsm, line 576: NotFoundError: No such JSWindowActor 'DevToolsFrame'
JavaScript error: resource://gre/modules/AsyncShutdown.jsm, line 576: NotFoundError: No such JSWindowActor 'DevToolsFrame'
1666663876360	Marionette	INFO	Stopped listening on port 64500
JavaScript error: , line 0: TypeError: NetworkError when attempting to fetch resource.
js :: onResponse :: line 593"  data: no]
Stack: onResponse@resource://devtools/shared/DevToolsUtils.js:593:34
onStopRequest@resource://gre/modules/NetUtil.jsm:126:18
Line: 593, column: 0
console.error: ({})
JavaScript error: resource://devtools/shared/DevToolsUtils.js, line 593: NS_BASE_STREAM_CLOSED: Component returned failure code: 0x80470002 (NS_BASE_STREAM_CLOSED) [nsIInputStream.available]
SourceActor threw an exception: [Exception... "Component returned failure code: 0x80470002 (NS_BASE_STREAM_CLOSED) [nsIInputStream.available]"  nsresult: "0x80470002 (NS_BASE_STREAM_CLOSED)"  location: "JS frame :: resource://devtools/shared/DevToolsUtils.js :: onResponse :: line 593"  data: no]
Stack: onResponse@resource://devtools/shared/DevToolsUtils.js:593:34
onStopRequest@resource://gre/modules/NetUtil.jsm:126:18
Line: 593, column: 0
console.error: ({})
JavaScript error: resource://devtools/shared/DevToolsUtils.js, line 593: NS_BASE_STREAM_CLOSED: Component returned failure code: 0x80470002 (NS_BASE_STREAM_CLOSED) [nsIInputStream.available]
console.warn: "Listener for event 'frame' did not return a promise."
JavaScript error: resource://gre/modules/AsyncShutdown.jsm, line 576: NotFoundError: No such JSWindowActor 'DevToolsFrame'
JavaScript error: resource://gre/modules/AsyncShutdown.jsm, line 576: NotFoundError: No such JSWindowActor 'DevToolsFrame'
JavaScript error: resource://gre/modules/AsyncShutdown.jsm, line 576: NotFoundError: No such JSWindowActor 'DevToolsFrame'
JavaScript error: resource://gre/modules/AsyncShutdown.jsm, line 576: NotFoundError: No such JSWindowActor 'DevToolsFrame'
JavaScript error: resource://gre/modules/AsyncShutdown.jsm, line 576: NotFoundError: No such JSWindowActor 'DevToolsFrame'
JavaScript error: resource://gre/modules/AsyncShutdown.jsm, line 576: NotFoundError: No such JSWindowActor 'DevToolsFrame'
JavaScript error: resource://gre/modules/AsyncShutdown.jsm, line 576: NotFoundError: No such JSWindowActor 'DevToolsFrame'
JavaScript error: resource://gre/modules/AsyncShutdown.jsm, line 576: NotFoundError: No such JSWindowActor 'DevToolsFrame'
JavaScript error: resource://gre/modules/AsyncShutdown.jsm, line 576: NotFoundError: No such JSWindowActor 'DevToolsFrame'
JavaScript error: resource://gre/modules/AsyncShutdown.jsm, line 576: NotFoundError: No such JSWindowActor 'DevToolsFrame'
JavaScript error: resource://gre/modules/AsyncShutdown.jsm, line 576: NotFoundError: No such JSWindowActor 'DevToolsFrame'
Jav1666663879915	Marionette	INFO	Stopped listening on port 64827
JavaScript error: , line 0: TypeError: NetworkError when attempting to fetch resource.
console.warn: TopSitesFeed: Failed to fetch data from Contile server: NetworkError when attempting to fetch resource.
INFO	Stopped listening on port 64640
JavaScript error: , line 0: TypeError: NetworkError when attempting to fetch resource.
1666664000010	geckodriver	INFO	Listening on 127.0.0.1:65309
1666664002016	mozrunner::runner	INFO	Running command: "C:\\Program Files\\Mozilla Firefox\\firefox.exe" "--marionette" "--remote-debugging-port" "65310" "--remote-allow-hosts" "localhost" "-no-remote" "-profile" "C:\\Users\\Martin\\AppData\\Local\\Temp\\rust_mozprofileCf4ynU"
1666664002312	Marionette	INFO	Marionette enabled
1666664002316	Marionette	INFO	Listening on port 65322
Read port: 65322
WebDriver BiDi listening on ws://127.0.0.1:65310
1666664002426	RemoteAgent	WARN	TLS certificate errors will be ignored for this session
console.warn: SearchSettings: "get: No settings file exists, new profile?" (new NotFoundError("Could not open the file at C:\\Users\\Martin\\AppData\\Local\\Temp\\rust_mozprofileCf4ynU\\search.json.mozlz4", (void 0)))
DevTools listening on ws://127.0.0.1:65310/devtools/browser/44c13f88-50b9-46d7-b9e0-8f6e4e8971c7
JavaScript warning: https://pagead2.googlesyndication.com/bg/gCRIKOWNSb5IUDc5H65fq3HhyX6JbrBsmszYwBj9iG8.js line 2 > eval line 2313 > eval line 1 > eval line 1 > eval, line 1: WEBGL_debug_renderer_info is deprecated in Firefox and will be removed. Please use RENDERER.
JavaScript error: https://b1e83c250c466a71bd6d4a750027928d.safeframe.googlesyndication.com/safeframe/1-0-38/html/container.html, line 1198: SyntaxError: expected expression, got ','
1666664273975	Marionette	INFO	Stopped listening on port 65322
JavaScript error: , line 0: TypeError: NetworkError when attempting to fetch resource.
console.warn: TopSitesFeed: Failed to fetch data from Contile server: NetworkError when attempting to fetch resource.
" "C:\\Users\\Martin\\AppData\\Local\\Temp\\rust_mozprofileXc7UpA"
1666664087678	Marionette	INFO	Marionette enabled
1666664087682	Marionette	INFO	Listening on port 65515
Read port: 65515
WebDriver BiDi listening on ws://127.0.0.1:65503
1666664087787	RemoteAgent	WARN	TLS certificate errors will be ignored for this session
console.warn: SearchSettings: "get: No settings file exists, new profile?" (new NotFoundError("Could not open the file at C:\\Users\\Martin\\AppData\\Local\\Temp\\rust_mozprofileXc7UpA\\search.json.mozlz4", (void 0)))
DevTools listening on ws://127.0.0.1:65503/devtools/browser/1f2bea4e-97c6-43b5-b691-b4c6bf04d0c3
JavaScript warning: https://pagead2.googlesyndication.com/bg/gCRIKOWNSb5IUDc5H65fq3HhyX6JbrBsmszYwBj9iG8.js line 2 > eval line 5673 > eval line 1 > eval line 1 > eval, line 1: WEBGL_debug_renderer_info is deprecated in Firefox and will be removed. Please use RENDERER.
JavaScript error: https://2b5b33f6ec641eb399ad7d15d3b9aa48.safeframe.googlesyndication.com/safeframe/1-0-38/html/container.html, line 1198: SyntaxError: expected expression, got ','
JavaScript error: , line 0: TypeError: NetworkError when attempting to fetch resource.
1666664276248	Marionette	INFO	Stopped listening on port 65515
console.warn: TopSitesFeed: Failed to fetch data from Contile server: NetworkError when attempting to fetch resource.
remote-debugging-port" "49331" "--remote-allow-hosts" "localhost" "-no-remote" "-profile" "C:\\Users\\Martin\\AppData\\Local\\Temp\\rust_mozprofileWiEbbz"
1666664184178	Marionette	INFO	Marionette enabled
1666664184182	Marionette	INFO	Listening on port 49341
Read port: 49341
WebDriver BiDi listening on ws://127.0.0.1:49331
1666664184288	RemoteAgent	WARN	TLS certificate errors will be ignored for this session
console.warn: SearchSettings: "get: No settings file exists, new profile?" (new NotFoundError("Could not open the file at C:\\Users\\Martin\\AppData\\Local\\Temp\\rust_mozprofileWiEbbz\\search.json.mozlz4", (void 0)))
DevTools listening on ws://127.0.0.1:49331/devtools/browser/c61485f5-fe16-4947-a2e1-c105467727d0
JavaScript warning: https://pagead2.googlesyndication.com/bg/gCRIKOWNSb5IUDc5H65fq3HhyX6JbrBsmszYwBj9iG8.js line 2 > eval line 143 > eval line 1 > eval line 1 > eval, line 1: WEBGL_debug_renderer_info is deprecated in Firefox and will be removed. Please use RENDERER.
JavaScript error: https://3c87a721a487fe385ad86ae6b8819395.safeframe.googlesyndication.com/safeframe/1-0-38/html/container.html, line 1198: SyntaxError: expected expression, got ','
1666664278375	Marionette	INFO	Stopped listening on port 49341
JavaScript error: , line 0: TypeError: NetworkError when attempting to fetch resource.
console.warn: TopSitesFeed: Failed to fetch data from Contile server: NetworkError when attempting to fetch resource.
" "C:\\Users\\Martin\\AppData\\Local\\Temp\\rust_mozprofilex9FTjh"
1666664207659	Marionette	INFO	Marionette enabled
1666664207663	Marionette	INFO	Listening on port 49455
Read port: 49455
WebDriver BiDi listening on ws://127.0.0.1:49446
1666664207769	RemoteAgent	WARN	TLS certificate errors will be ignored for this session
console.warn: SearchSettings: "get: No settings file exists, new profile?" (new NotFoundError("Could not open the file at C:\\Users\\Martin\\AppData\\Local\\Temp\\rust_mozprofilex9FTjh\\search.json.mozlz4", (void 0)))
DevTools listening on ws://127.0.0.1:49446/devtools/browser/913edf8f-3ab2-4419-a010-5eea2ef93fcd
JavaScript warning: https://pagead2.googlesyndication.com/bg/gCRIKOWNSb5IUDc5H65fq3HhyX6JbrBsmszYwBj9iG8.js line 2 > eval line 3190 > eval line 1 > eval line 1 > eval, line 1: WEBGL_debug_renderer_info is deprecated in Firefox and will be removed. Please use RENDERER.
JavaScript error: https://6677f93c6bb1e92a344fc5aa0fce3497.safeframe.usercontent.goog/safeframe/1-0-38/html/container.html, line 1197: SyntaxError: expected expression, got ','
SourceActor threw an exception: [Exception... "Component returned failure code: 0x80470002 (NS_BASE_STREAM_CLOSED) [nsIInputStream.available]"  nsresult: "0x80470002 (NS_BASE_STREAM_CLOSED)"  location: "JS frame :: resource://devtools/shared/DevToolsUtils.js :: onResponse :: line 593"  data: no]
Stack: onResponse@resource://devtools/shared/DevToolsUtils.js:593:34
onStopRequest@resource://gre/modules/NetUtil.jsm:126:18
Line: 593, column: 0
console.error: ({})
JavaScript error: resource://devtools/shared/DevToolsUtils.js, line 593: NS_BASE_STREAM_CLOSED: Component returned failure code: 0x80470002 (NS_BASE_STREAM_CLOSED) [nsIInputStream.available]
SourceActor threw an exception: [Exception... "Component returned failure code: 0x80470002 (NS_BASE_STREAM_CLOSED) [nsIInputStream.available]"  nsresult: "0x80470002 (NS_BASE_STREAM_CLOSED)"  location: "JS frame :: resource://devtools/shared/DevToolsUtils.js :: onResponse :: line 593"  data: no]
Stack: onResponse@resource://devtools/shared/DevToolsUtils.js:593:34
onStopRequest@resource://gre/modules/NetUtil.jsm:126:18
Line: 593, column: 0
console.error: ({})
JavaScript error: resource://devtools/shared/DevToolsUtils.js, line 593: NS_BASE_STREAM_CLOSED: Component returned failure code: 0x80470002 (NS_BASE_STREAM_CLOSED) [nsIInputStream.available]
JavaScript error: resource://gre/modules/AsyncShutdown.jsm, line 576: NotFoundError: No such JSWindowActor 'DevToolsFrame'
JavaScript error: resource://gre/modules/AsyncShutdown.jsm, line 576: NotFoundError: No such JSWindowActor 'DevToolsFrame'
JavaScript error: resource://gre/modules/AsyncShutdown.jsm, line 576: NotFoundError: No such JSWindowActor 'DevToolsFrame'
JavaScript error: resource://gre/modules/AsyncShutdown.jsm, line 576: NotFoundError: No such JSWindowActor 'DevToolsFrame'
JavaScript error: resource://gre/modules/AsyncShutdown.jsm, line 576: NotFoundError: No such JSWindowActor 'DevToolsFrame'
JavaScript error: resource://gre/modules/AsyncShutdown.jsm, line 576: NotFoundError: No such JSWindowActor 'DevToolsFrame'
JavaScript error: resource://gre/modules/AsyncShutdown.jsm, line 576: NotFoundError: No such JSWindowActor 'DevToolsFrame'
JavaScript error: resource://gre/modules/AsyncShutdown.jsm, line 576: NotFoundError: No such JSWindowActor 'DevToolsFrame'
JavaScript error: resource://gre/modules/AsyncShutdown.jsm, line 576: NotFoundError: No such JSWindowActor 'DevToolsFrame'
JavaScript error: resource://gre/modules/AsyncShutdown.jsm, line 576: NotFoundError: No such JSWindowActor 'DevToolsFrame'
JavaScript error: resource://gre/modules/AsyncShutdown.jsm, line 576: NotFoundError: No such JSWindowActor 'DevToolsFrame'
JavaScript error: resource://gre/modules/AsyncShutdown.jsm, line 576: NotFoundError: No such JSWindowActor 'DevToolsFrame'
JavaScript error: resource://gre/modules/AsyncShutdown.jsm, line 576: NotFoundError: No such JSWindowActor 'DevToolsFrame'
JavaScript error: resource://gre/modules/AsyncShutdown.jsm, line 576: NotFoundError: No such JSWindowActor 'DevToolsFrame'
1666665578566	Marionette	INFO	Stopped listening on port 49455
JavaScript error: , line 0: TypeError: NetworkError when attempting to fetch resource.
sUtils.js, line 593: NS_BASE_STREAM_CLOSED: Component returned failure code: 0x80470002 (NS_BASE_STREAM_CLOSED) [nsIInputStream.available]
SourceActor threw an exception: [Exception... "Component returned failure code: 0x80470002 (NS_BASE_STREAM_CLOSED) [nsIInputStream.available]"  nsresult: "0x80470002 (NS_BASE_STREAM_CLOSED)"  location: "JS frame :: resource://devtools/shared/DevToolsUtils.js :: onResponse :: line 593"  data: no]
Stack: onResponse@resource://devtools/shared/DevToolsUtils.js:593:34
onStopRequest@resource://gre/modules/NetUtil.jsm:126:18
Line: 593, column: 0
console.error: ({})
JavaScript error: resource://devtools/shared/DevToolsUtils.js, line 593: NS_BASE_STREAM_CLOSED: Component returned failure code: 0x80470002 (NS_BASE_STREAM_CLOSED) [nsIInputStream.available]
console.warn: "Listener for event 'frame' did not return a promise."
console.warn: "Listener for event 'frame' did not return a promise."
console.warn: "Listener for event 'frame' did not return a promise."
JavaScript error: resource://gre/modules/AsyncShutdown.jsm, line 576: NotFoundError: No such JSWindowActor 'DevToolsFrame'
JavaScript error: resource://gre/modules/AsyncShutdown.jsm, line 576: NotFoundError: No such JSWindowActor 'DevToolsFrame'
JavaScript error: resource://gre/modules/AsyncShutdown.jsm, line 576: NotFoundError: No such JSWindowActor 'DevToolsFrame'
JavaScript error: resource://gre/modules/AsyncShutdown.jsm, line 576: NotFoundError: No such JSWindowActor 'DevToolsFrame'
JavaScript error: resource://gre/modules/AsyncShutdown.jsm, line 576: NotFoundError: No such JSWindowActor 'DevToolsFrame'
JavaScript error: resource://gre/modules/AsyncShutdown.jsm, line 576: NotFoundError: No such JSWindowActor 'DevToolsFrame'
JavaScript error: resource://gre/modules/AsyncShutdown.jsm, line 576: NotFoundError: No such JSWindowActor 'DevToolsFrame'
JavaScript error: resource://gre/modules/AsyncShutdown.jsm, line 576: NotFoundError: No such JSWindowActor 'DevToolsFrame'
JavaScript error: resource://gre/modules/AsyncShutdown.jsm, line 576: NotFoundError: No such JSWindowActor 'DevToolsFrame'
JavaScript error: resource://gre/modules/AsyncShutdown.jsm, line 576: NotFoundError: No such JSWindowActor 'DevToolsFrame'
JavaScript error: resource://gre/modules/AsyncShutdown.jsm, line 576: NotFoundError: No such JSWindowActor 'DevToolsFrame'
JavaScript error: resource://gre/modules/AsyncShutdown.jsm, line 576: NotFoundError: No such JSWindowActor 'DevToolsFrame'
JavaScript error: resource://gre/modules/AsyncShutdown.jsm, line 576: NotFoundError: No such JSWindowActor 'DevToolsFrame'
1666665240816	Marionette	INFO	Stopped listening on port 49641
JavaScript error: , line 0: TypeError: NetworkError when attempting to fetch resource.
 Files\\Mozilla Firefox\\firefox.exe" "--marionette" "--remote-debugging-port" "49994" "--remote-allow-hosts" "localhost" "-no-remote" "-profile" "C:\\Users\\Martin\\AppData\\Local\\Temp\\rust_mozprofiledsgOXK"
1666665199586	Marionette	INFO	Marionette enabled
1666665199591	Marionette	INFO	Listening on port 50003
WebDriver BiDi listening on ws://127.0.0.1:49994
Read port: 50003
1666665199837	RemoteAgent	WARN	TLS certificate errors will be ignored for this session
console.warn: SearchSettings: "get: No settings file exists, new profile?" (new NotFoundError("Could not open the file at C:\\Users\\Martin\\AppData\\Local\\Temp\\rust_mozprofiledsgOXK\\search.json.mozlz4", (void 0)))
DevTools listening on ws://127.0.0.1:49994/devtools/browser/b16acd24-edee-4a83-9828-85a6b36b2c05
JavaScript warning: https://pagead2.googlesyndication.com/bg/gCRIKOWNSb5IUDc5H65fq3HhyX6JbrBsmszYwBj9iG8.js line 2 > eval line 6391 > eval line 1 > eval line 1 > eval, line 1: WEBGL_debug_renderer_info is deprecated in Firefox and will be removed. Please use RENDERER.
JavaScript error: https://80d96d8014343e52cbd77554bfb46dfd.safeframe.googlesyndication.com/safeframe/1-0-38/html/container.html, line 1198: SyntaxError: expected expression, got ','
1666665242890	Marionette	INFO	Stopped listening on port 50003
JavaScript error: , line 0: TypeError: NetworkError when attempting to fetch resource.
console.warn: TopSitesFeed: Failed to fetch data from Contile server: NetworkError when attempting to fetch resource.
1666665245059	geckodriver	INFO	Listening on 127.0.0.1:50118
1666665247076	mozrunner::runner	INFO	Running command: "C:\\Program Files\\Mozilla Firefox\\firefox.exe" "--marionette" "--remote-debugging-port" "50119" "--remote-allow-hosts" "localhost" "-no-remote" "-profile" "C:\\Users\\Martin\\AppData\\Local\\Temp\\rust_mozprofilecEHyg6"
1666665247372	Marionette	INFO	Marionette enabled
1666665247376	Marionette	INFO	Listening on port 50128
Read port: 50128
WebDriver BiDi listening on ws://127.0.0.1:50119
1666665247483	RemoteAgent	WARN	TLS certificate errors will be ignored for this session
console.warn: SearchSettings: "get: No settings file exists, new profile?" (new NotFoundError("Could not open the file at C:\\Users\\Martin\\AppData\\Local\\Temp\\rust_mozprofilecEHyg6\\search.json.mozlz4", (void 0)))
DevTools listening on ws://127.0.0.1:50119/devtools/browser/24a15e79-961e-43f1-81a5-3b296a6232ae
JavaScript warning: https://pagead2.googlesyndication.com/bg/gCRIKOWNSb5IUDc5H65fq3HhyX6JbrBsmszYwBj9iG8.js line 2 > eval line 3919 > eval line 1 > eval line 1 > eval, line 1: WEBGL_debug_renderer_info is deprecated in Firefox and will be removed. Please use RENDERER.
JavaScript error: https://8732fc4534b5e7c29e4a628d9a9fdf3c.safeframe.googlesyndication.com/safeframe/1-0-38/html/container.html, line 1198: SyntaxError: expected expression, got ','
1666665256955	Marionette	INFO	Stopped listening on port 50128
JavaScript error: , line 0: TypeError: NetworkError when attempting to fetch resource.
console.warn: TopSitesFeed: Failed to fetch data from Contile server: NetworkError when attempting to fetch resource.
1666665331252	geckodriver	INFO	Listening on 127.0.0.1:50238
1666665333268	mozrunner::runner	INFO	Running command: "C:\\Program Files\\Mozilla Firefox\\firefox.exe" "--marionette" "--remote-debugging-port" "50239" "--remote-allow-hosts" "localhost" "-no-remote" "-profile" "C:\\Users\\Martin\\AppData\\Local\\Temp\\rust_mozprofileuUoY2L"
1666665333568	Marionette	INFO	Marionette enabled
1666665333573	Marionette	INFO	Listening on port 50248
WebDriver BiDi listening on ws://127.0.0.1:50239
Read port: 50248
1666665333819	RemoteAgent	WARN	TLS certificate errors will be ignored for this session
console.warn: SearchSettings: "get: No settings file exists, new profile?" (new NotFoundError("Could not open the file at C:\\Users\\Martin\\AppData\\Local\\Temp\\rust_mozprofileuUoY2L\\search.json.mozlz4", (void 0)))
DevTools listening on ws://127.0.0.1:50239/devtools/browser/94fc3af3-013a-4893-804d-4b35635a70b6
JavaScript warning: https://pagead2.googlesyndication.com/bg/gCRIKOWNSb5IUDc5H65fq3HhyX6JbrBsmszYwBj9iG8.js line 2 > eval line 3382 > eval line 1 > eval line 1 > eval, line 1: WEBGL_debug_renderer_info is deprecated in Firefox and will be removed. Please use RENDERER.
JavaScript error: https://baf8ea87be8610790df4611878f5d2a6.safeframe.googlesyndication.com/safeframe/1-0-38/html/container.html, line 1197: SyntaxError: expected expression, got ','
1666665581035	Marionette	INFO	Stopped listening on port 50248
JavaScript error: , line 0: TypeError: NetworkError when attempting to fetch resource.
console.warn: TopSitesFeed: Failed to fetch data from Contile server: NetworkError when attempting to fetch resource.
" "C:\\Users\\Martin\\AppData\\Local\\Temp\\rust_mozprofileOYYB9z"
1666665430507	Marionette	INFO	Marionette enabled
1666665430511	Marionette	INFO	Listening on port 50386
WebDriver BiDi listening on ws://127.0.0.1:50376
Read port: 50386
1666665430754	RemoteAgent	WARN	TLS certificate errors will be ignored for this session
console.warn: SearchSettings: "get: No settings file exists, new profile?" (new NotFoundError("Could not open the file at C:\\Users\\Martin\\AppData\\Local\\Temp\\rust_mozprofileOYYB9z\\search.json.mozlz4", (void 0)))
DevTools listening on ws://127.0.0.1:50376/devtools/browser/8f6125f5-3b79-4509-a327-889546c8c7a4
JavaScript warning: https://pagead2.googlesyndication.com/bg/gCRIKOWNSb5IUDc5H65fq3HhyX6JbrBsmszYwBj9iG8.js line 2 > eval line 6307 > eval line 1 > eval line 1 > eval, line 1: WEBGL_debug_renderer_info is deprecated in Firefox and will be removed. Please use RENDERER.
JavaScript error: https://635ffa40b03c9770a629c426332a081c.safeframe.googlesyndication.com/safeframe/1-0-38/html/container.html, line 1197: SyntaxError: expected expression, got ','
1666665575090	Marionette	INFO	Stopped listening on port 50386
JavaScript error: , line 0: TypeError: NetworkError when attempting to fetch resource.
console.warn: TopSitesFeed: Failed to fetch data from Contile server: NetworkError when attempting to fetch resource.
1666665585648	geckodriver	INFO	Listening on 127.0.0.1:50522
1666665587666	mozrunner::runner	INFO	Running command: "C:\\Program Files\\Mozilla Firefox\\firefox.exe" "--marionette" "--remote-debugging-port" "50523" "--remote-allow-hosts" "localhost" "-no-remote" "-profile" "C:\\Users\\Martin\\AppData\\Local\\Temp\\rust_mozprofile92bXcz"
1666665587963	Marionette	INFO	Marionette enabled
1666665587967	Marionette	INFO	Listening on port 50532
Read port: 50532
WebDriver BiDi listening on ws://127.0.0.1:50523
1666665588075	RemoteAgent	WARN	TLS certificate errors will be ignored for this session
console.warn: SearchSettings: "get: No settings file exists, new profile?" (new NotFoundError("Could not open the file at C:\\Users\\Martin\\AppData\\Local\\Temp\\rust_mozprofile92bXcz\\search.json.mozlz4", (void 0)))
DevTools listening on ws://127.0.0.1:50523/devtools/browser/792d90b1-bf74-4e12-9a2e-ef9b6b69f0ef
JavaScript warning: https://pagead2.googlesyndication.com/bg/gCRIKOWNSb5IUDc5H65fq3HhyX6JbrBsmszYwBj9iG8.js line 2 > eval line 5979 > eval line 1 > eval line 1 > eval, line 1: WEBGL_debug_renderer_info is deprecated in Firefox and will be removed. Please use RENDERER.
JavaScript error: https://18e32265e669d9ef25d64547b7237bcf.safeframe.googlesyndication.com/safeframe/1-0-38/html/container.html, line 1197: SyntaxError: expected expression, got ','
1666665611018	Marionette	INFO	Stopped listening on port 50532
JavaScript error: , line 0: TypeError: NetworkError when attempting to fetch resource.
console.warn: TopSitesFeed: Failed to fetch data from Contile server: NetworkError when attempting to fetch resource.
" "C:\\Users\\Martin\\AppData\\Local\\Temp\\rust_mozprofileBtqSC8"
1666665611346	Marionette	INFO	Marionette enabled
1666665611350	Marionette	INFO	Listening on port 50644
Read port: 50644
WebDriver BiDi listening on ws://127.0.0.1:50636
1666665611452	RemoteAgent	WARN	TLS certificate errors will be ignored for this session
console.warn: SearchSettings: "get: No settings file exists, new profile?" (new NotFoundError("Could not open the file at C:\\Users\\Martin\\AppData\\Local\\Temp\\rust_mozprofileBtqSC8\\search.json.mozlz4", (void 0)))
DevTools listening on ws://127.0.0.1:50636/devtools/browser/08d1f7b4-649d-4497-9c19-a26643e455ad
JavaScript warning: https://pagead2.googlesyndication.com/bg/gCRIKOWNSb5IUDc5H65fq3HhyX6JbrBsmszYwBj9iG8.js line 2 > eval line 5273 > eval line 1 > eval line 1 > eval, line 1: WEBGL_debug_renderer_info is deprecated in Firefox and will be removed. Please use RENDERER.
JavaScript error: https://323aa5d647a12441d69b85e4bde33ba8.safeframe.googlesyndication.com/safeframe/1-0-38/html/container.html, line 1198: SyntaxError: expected expression, got ','
1666665751489	Marionette	INFO	Stopped listening on port 50644
JavaScript error: , line 0: TypeError: NetworkError when attempting to fetch resource.
console.warn: TopSitesFeed: Failed to fetch data from Contile server: NetworkError when attempting to fetch resource.
" "C:\\Users\\Martin\\AppData\\Local\\Temp\\rust_mozprofileZYaH0D"
1666665653633	Marionette	INFO	Marionette enabled
1666665653637	Marionette	INFO	Listening on port 50762
Read port: 50762
WebDriver BiDi listening on ws://127.0.0.1:50753
1666665653744	RemoteAgent	WARN	TLS certificate errors will be ignored for this session
console.warn: SearchSettings: "get: No settings file exists, new profile?" (new NotFoundError("Could not open the file at C:\\Users\\Martin\\AppData\\Local\\Temp\\rust_mozprofileZYaH0D\\search.json.mozlz4", (void 0)))
DevTools listening on ws://127.0.0.1:50753/devtools/browser/33aa24bc-0789-4f68-ba99-a1c9c81b34ea
JavaScript warning: https://pagead2.googlesyndication.com/bg/gCRIKOWNSb5IUDc5H65fq3HhyX6JbrBsmszYwBj9iG8.js line 2 > eval line 2958 > eval line 1 > eval line 1 > eval, line 1: WEBGL_debug_renderer_info is deprecated in Firefox and will be removed. Please use RENDERER.
JavaScript error: https://a38eec359ce902c9dc952ee15951a833.safeframe.googlesyndication.com/safeframe/1-0-38/html/container.html, line 1198: SyntaxError: expected expression, got ','
1666665749014	Marionette	INFO	Stopped listening on port 50762
JavaScript error: , line 0: TypeError: NetworkError when attempting to fetch resource.
console.warn: TopSitesFeed: Failed to fetch data from Contile server: NetworkError when attempting to fetch resource.
" "C:\\Users\\Martin\\AppData\\Local\\Temp\\rust_mozprofileGmd789"
1666665726839	Marionette	INFO	Marionette enabled
1666665726843	Marionette	INFO	Listening on port 50888
Read port: 50888
WebDriver BiDi listening on ws://127.0.0.1:50879
1666665726951	RemoteAgent	WARN	TLS certificate errors will be ignored for this session
console.warn: SearchSettings: "get: No settings file exists, new profile?" (new NotFoundError("Could not open the file at C:\\Users\\Martin\\AppData\\Local\\Temp\\rust_mozprofileGmd789\\search.json.mozlz4", (void 0)))
DevTools listening on ws://127.0.0.1:50879/devtools/browser/5dc79e81-ab7f-497c-9a6e-cc88fb1ca6b6
JavaScript warning: https://pagead2.googlesyndication.com/bg/gCRIKOWNSb5IUDc5H65fq3HhyX6JbrBsmszYwBj9iG8.js line 2 > eval line 6741 > eval line 1 > eval line 1 > eval, line 1: WEBGL_debug_renderer_info is deprecated in Firefox and will be removed. Please use RENDERER.
JavaScript error: https://bb71c666f05e174e64a5ac319ae38b0a.safeframe.googlesyndication.com/safeframe/1-0-38/html/container.html, line 1197: SyntaxError: expected expression, got ','
JavaScript error: resource://gre/modules/AsyncShutdown.jsm, line 576: NotFoundError: No such JSWindowActor 'DevToolsFrame'
JavaScript error: resource://gre/modules/AsyncShutdown.jsm, line 576: NotFoundError: No such JSWindowActor 'DevToolsFrame'
JavaScript error: resource://gre/modules/AsyncShutdown.jsm, line 576: NotFoundError: No such JSWindowActor 'DevToolsFrame'
JavaScript error: resource://gre/modules/AsyncShutdown.jsm, line 576: NotFoundError: No such JSWindowActor 'DevToolsFrame'
JavaScript error: resource://gre/modules/AsyncShutdown.jsm, line 576: NotFoundError: No such JSWindowActor 'DevToolsFrame'
JavaScript error: resource://gre/modules/AsyncShutdown.jsm, line 576: NotFoundError: No such JSWindowActor 'DevToolsFrame'
JavaScript error: resource://gre/modules/AsyncShutdown.jsm, line 576: NotFoundError: No such JSWindowActor 'DevToolsFrame'
JavaScript error: resource://gre/modules/AsyncShutdown.jsm, line 576: NotFoundError: No such JSWindowActor 'DevToolsFrame'
JavaScript error: resource://gre/modules/AsyncShutdown.jsm, line 576: NotFoundError: No such JSWindowActor 'DevToolsFrame'
JavaScript error: resource://gre/modules/AsyncShutdown.jsm, line 576: NotFoundError: No such JSWindowActor 'DevToolsFrame'
JavaScript error: resource://gre/modules/AsyncShutdown.jsm, line 576: NotFoundError: No such JSWindowActor 'DevToolsFrame'
JavaScript error: resource://gre/modules/AsyncShutdown.jsm, line 576: NotFoundError: No such JSWindowActor 'DevToolsFrame'
JavaScript error: resource://gre/modules/AsyncShutdown.jsm, line 576: NotFoundError: No such JSWindowActor 'DevToolsFrame'
1666666786867	Marionette	INFO	Stopped listening on port 50888
JavaScript error: , line 0: TypeError: NetworkError when attempting to fetch resource.
 Files\\Mozilla Firefox\\firefox.exe" "--marionette" "--remote-debugging-port" "51112" "--remote-allow-hosts" "localhost" "-no-remote" "-profile" "C:\\Users\\Martin\\AppData\\Local\\Temp\\rust_mozprofileD2LDzr"
1666665820180	Marionette	INFO	Marionette enabled
1666665820185	Marionette	INFO	Listening on port 51121
Read port: 51121
WebDriver BiDi listening on ws://127.0.0.1:51112
1666665820293	RemoteAgent	WARN	TLS certificate errors will be ignored for this session
console.warn: SearchSettings: "get: No settings file exists, new profile?" (new NotFoundError("Could not open the file at C:\\Users\\Martin\\AppData\\Local\\Temp\\rust_mozprofileD2LDzr\\search.json.mozlz4", (void 0)))
DevTools listening on ws://127.0.0.1:51112/devtools/browser/33fb8d2d-7df7-42bb-a890-6ce7ce35ca74
JavaScript warning: https://pagead2.googlesyndication.com/bg/gCRIKOWNSb5IUDc5H65fq3HhyX6JbrBsmszYwBj9iG8.js line 2 > eval line 5287 > eval line 1 > eval line 1 > eval, line 1: WEBGL_debug_renderer_info is deprecated in Firefox and will be removed. Please use RENDERER.
JavaScript error: https://e45c8e9c60145789809981f942bea8a5.safeframe.googlesyndication.com/safeframe/1-0-38/html/container.html, line 1197: SyntaxError: expected expression, got ','
1666666376014	Marionette	INFO	Stopped listening on port 51121
JavaScript error: , line 0: TypeError: NetworkError when attempting to fetch resource.
console.warn: TopSitesFeed: Failed to fetch data from Contile server: NetworkError when attempting to fetch resource.
" "C:\\Users\\Martin\\AppData\\Local\\Temp\\rust_mozprofilemtZz0G"
1666666233922	Marionette	INFO	Marionette enabled
1666666233926	Marionette	INFO	Listening on port 51330
WebDriver BiDi listening on ws://127.0.0.1:51321
Read port: 51330
1666666234168	RemoteAgent	WARN	TLS certificate errors will be ignored for this session
console.warn: SearchSettings: "get: No settings file exists, new profile?" (new NotFoundError("Could not open the file at C:\\Users\\Martin\\AppData\\Local\\Temp\\rust_mozprofilemtZz0G\\search.json.mozlz4", (void 0)))
DevTools listening on ws://127.0.0.1:51321/devtools/browser/a0970087-51a9-4d30-9918-20ecbc3eac54
JavaScript warning: https://pagead2.googlesyndication.com/bg/gCRIKOWNSb5IUDc5H65fq3HhyX6JbrBsmszYwBj9iG8.js line 2 > eval line 3702 > eval line 1 > eval line 1 > eval, line 1: WEBGL_debug_renderer_info is deprecated in Firefox and will be removed. Please use RENDERER.
JavaScript error: https://c110694c91921e6a47553763f2c01d06.safeframe.googlesyndication.com/safeframe/1-0-38/html/container.html, line 1198: SyntaxError: expected expression, got ','
1666666251054	Marionette	INFO	Stopped listening on port 51330
JavaScript error: , line 0: TypeError: NetworkError when attempting to fetch resource.
console.warn: TopSitesFeed: Failed to fetch data from Contile server: NetworkError when attempting to fetch resource.
1666666252512	geckodriver	INFO	Listening on 127.0.0.1:51438
1666666254521	mozrunner::runner	INFO	Running command: "C:\\Program Files\\Mozilla Firefox\\firefox.exe" "--marionette" "--remote-debugging-port" "51439" "--remote-allow-hosts" "localhost" "-no-remote" "-profile" "C:\\Users\\Martin\\AppData\\Local\\Temp\\rust_mozprofileupJ4Q5"
1666666254812	Marionette	INFO	Marionette enabled
1666666254816	Marionette	INFO	Listening on port 51448
Read port: 51448
WebDriver BiDi listening on ws://127.0.0.1:51439
1666666254919	RemoteAgent	WARN	TLS certificate errors will be ignored for this session
console.warn: SearchSettings: "get: No settings file exists, new profile?" (new NotFoundError("Could not open the file at C:\\Users\\Martin\\AppData\\Local\\Temp\\rust_mozprofileupJ4Q5\\search.json.mozlz4", (void 0)))
DevTools listening on ws://127.0.0.1:51439/devtools/browser/d48430ed-2432-410d-9c96-0d556febc77c
JavaScript warning: https://pagead2.googlesyndication.com/bg/gCRIKOWNSb5IUDc5H65fq3HhyX6JbrBsmszYwBj9iG8.js line 2 > eval line 2853 > eval line 1 > eval line 1 > eval, line 1: WEBGL_debug_renderer_info is deprecated in Firefox and will be removed. Please use RENDERER.
JavaScript error: https://162f25699ff2f246adcc4d7dda19a8dc.safeframe.googlesyndication.com/safeframe/1-0-38/html/container.html, line 1197: SyntaxError: expected expression, got ','
1666666377255	Marionette	INFO	Stopped listening on port 51448
JavaScript error: , line 0: TypeError: NetworkError when attempting to fetch resource.
console.warn: TopSitesFeed: Failed to fetch data from Contile server: NetworkError when attempting to fetch resource.
" "C:\\Users\\Martin\\AppData\\Local\\Temp\\rust_mozprofileuIapGI"
1666666315419	Marionette	INFO	Marionette enabled
1666666315423	Marionette	INFO	Listening on port 51560
Read port: 51560
WebDriver BiDi listening on ws://127.0.0.1:51551
1666666315529	RemoteAgent	WARN	TLS certificate errors will be ignored for this session
console.warn: SearchSettings: "get: No settings file exists, new profile?" (new NotFoundError("Could not open the file at C:\\Users\\Martin\\AppData\\Local\\Temp\\rust_mozprofileuIapGI\\search.json.mozlz4", (void 0)))
DevTools listening on ws://127.0.0.1:51551/devtools/browser/6944daa0-3819-4dd7-8a4a-718be3bf3558
JavaScript warning: https://pagead2.googlesyndication.com/bg/gCRIKOWNSb5IUDc5H65fq3HhyX6JbrBsmszYwBj9iG8.js line 2 > eval line 3005 > eval line 1 > eval line 1 > eval, line 1: WEBGL_debug_renderer_info is deprecated in Firefox and will be removed. Please use RENDERER.
JavaScript error: https://637f2732104aad2d5c8e49eef6c3a64f.safeframe.googlesyndication.com/safeframe/1-0-38/html/container.html, line 1198: SyntaxError: expected expression, got ','
1666666378321	Marionette	INFO	Stopped listening on port 51560
JavaScript error: , line 0: TypeError: NetworkError when attempting to fetch resource.
console.warn: TopSitesFeed: Failed to fetch data from Contile server: NetworkError when attempting to fetch resource.
" "C:\\Users\\Martin\\AppData\\Local\\Temp\\rust_mozprofilewr1ArJ"
1666666342820	Marionette	INFO	Marionette enabled
1666666342825	Marionette	INFO	Listening on port 51677
WebDriver BiDi listening on ws://127.0.0.1:51668
Read port: 51677
1666666343095	RemoteAgent	WARN	TLS certificate errors will be ignored for this session
console.warn: SearchSettings: "get: No settings file exists, new profile?" (new NotFoundError("Could not open the file at C:\\Users\\Martin\\AppData\\Local\\Temp\\rust_mozprofilewr1ArJ\\search.json.mozlz4", (void 0)))
DevTools listening on ws://127.0.0.1:51668/devtools/browser/2e970f53-c88b-41d1-9c5c-5280b2a395f6
JavaScript warning: https://pagead2.googlesyndication.com/bg/gCRIKOWNSb5IUDc5H65fq3HhyX6JbrBsmszYwBj9iG8.js line 2 > eval line 612 > eval line 1 > eval line 1 > eval, line 1: WEBGL_debug_renderer_info is deprecated in Firefox and will be removed. Please use RENDERER.
JavaScript error: https://0ca13c52b444fcb06ccdbc6bd701803d.safeframe.googlesyndication.com/safeframe/1-0-38/html/container.html, line 1198: SyntaxError: expected expression, got ','
1666666379324	Marionette	INFO	Stopped listening on port 51677
JavaScript error: , line 0: TypeError: NetworkError when attempting to fetch resource.
console.warn: TopSitesFeed: Failed to fetch data from Contile server: NetworkError when attempting to fetch resource.
" "C:\\Users\\Martin\\AppData\\Local\\Temp\\rust_mozprofileonexLY"
1666666358182	Marionette	INFO	Marionette enabled
1666666358187	Marionette	INFO	Listening on port 51789
Read port: 51789
WebDriver BiDi listening on ws://127.0.0.1:51782
1666666358295	RemoteAgent	WARN	TLS certificate errors will be ignored for this session
console.warn: SearchSettings: "get: No settings file exists, new profile?" (new NotFoundError("Could not open the file at C:\\Users\\Martin\\AppData\\Local\\Temp\\rust_mozprofileonexLY\\search.json.mozlz4", (void 0)))
DevTools listening on ws://127.0.0.1:51782/devtools/browser/024429c5-aa32-47b0-9902-113447326fdb
JavaScript warning: https://pagead2.googlesyndication.com/bg/gCRIKOWNSb5IUDc5H65fq3HhyX6JbrBsmszYwBj9iG8.js line 2 > eval line 602 > eval line 1 > eval line 1 > eval, line 1: WEBGL_debug_renderer_info is deprecated in Firefox and will be removed. Please use RENDERER.
JavaScript error: https://3f87f6cc7a3b519c3a0ee54c46b9a519.safeframe.googlesyndication.com/safeframe/1-0-38/html/container.html, line 1197: SyntaxError: expected expression, got ','
1666666380459	Marionette	INFO	Stopped listening on port 51789
JavaScript error: , line 0: TypeError: NetworkError when attempting to fetch resource.
console.warn: TopSitesFeed: Failed to fetch data from Contile server: NetworkError when attempting to fetch resource.
1666666432352	geckodriver	INFO	Listening on 127.0.0.1:51912
1666666434369	mozrunner::runner	INFO	Running command: "C:\\Program Files\\Mozilla Firefox\\firefox.exe" "--marionette" "--remote-debugging-port" "51913" "--remote-allow-hosts" "localhost" "-no-remote" "-profile" "C:\\Users\\Martin\\AppData\\Local\\Temp\\rust_mozprofileApZb4C"
1666666434662	Marionette	INFO	Marionette enabled
1666666434667	Marionette	INFO	Listening on port 51922
Read port: 51922
WebDriver BiDi listening on ws://127.0.0.1:51913
1666666434774	RemoteAgent	WARN	TLS certificate errors will be ignored for this session
console.warn: SearchSettings: "get: No settings file exists, new profile?" (new NotFoundError("Could not open the file at C:\\Users\\Martin\\AppData\\Local\\Temp\\rust_mozprofileApZb4C\\search.json.mozlz4", (void 0)))
DevTools listening on ws://127.0.0.1:51913/devtools/browser/c05427d5-cf28-44df-ada6-d1aa726d9728
JavaScript error: https://9beac77340678720298e6cb84182db96.safeframe.googlesyndication.com/safeframe/1-0-38/html/container.html, line 1197: SyntaxError: expected expression, got ','
JavaScript warning: https://pagead2.googlesyndication.com/bg/gCRIKOWNSb5IUDc5H65fq3HhyX6JbrBsmszYwBj9iG8.js line 2 > eval line 5031 > eval line 1 > eval line 1 > eval, line 1: WEBGL_debug_renderer_info is deprecated in Firefox and will be removed. Please use RENDERER.
1666728783841	Marionette	INFO	Stopped listening on port 51922
console.warn: TopSitesFeed: Failed to fetch data from Contile server: NetworkError when attempting to fetch resource.
remote-debugging-port" "52094" "--remote-allow-hosts" "localhost" "-no-remote" "-profile" "C:\\Users\\Martin\\AppData\\Local\\Temp\\rust_mozprofileOyNTAN"
1666666760581	Marionette	INFO	Marionette enabled
1666666760585	Marionette	INFO	Listening on port 52103
Read port: 52103
WebDriver BiDi listening on ws://127.0.0.1:52094
1666666760695	RemoteAgent	WARN	TLS certificate errors will be ignored for this session
console.warn: SearchSettings: "get: No settings file exists, new profile?" (new NotFoundError("Could not open the file at C:\\Users\\Martin\\AppData\\Local\\Temp\\rust_mozprofileOyNTAN\\search.json.mozlz4", (void 0)))
DevTools listening on ws://127.0.0.1:52094/devtools/browser/1014de27-5959-448c-aa1a-e135ac748216
JavaScript warning: https://pagead2.googlesyndication.com/bg/gCRIKOWNSb5IUDc5H65fq3HhyX6JbrBsmszYwBj9iG8.js line 2 > eval line 6996 > eval line 1 > eval line 1 > eval, line 1: WEBGL_debug_renderer_info is deprecated in Firefox and will be removed. Please use RENDERER.
JavaScript error: https://67e7869e83ca7f350857a5eacd2658a5.safeframe.googlesyndication.com/safeframe/1-0-38/html/container.html, line 1198: SyntaxError: expected expression, got ','
1666666782366	Marionette	INFO	Stopped listening on port 52103
JavaScript error: , line 0: TypeError: NetworkError when attempting to fetch resource.
console.warn: TopSitesFeed: Failed to fetch data from Contile server: NetworkError when attempting to fetch resource.
1666700871491	geckodriver	INFO	Listening on 127.0.0.1:56526
1666700873507	mozrunner::runner	INFO	Running command: "C:\\Program Files\\Mozilla Firefox\\firefox.exe" "--marionette" "--remote-debugging-port" "56527" "--remote-allow-hosts" "localhost" "-no-remote" "-profile" "C:\\Users\\Martin\\AppData\\Local\\Temp\\rust_mozprofilesF831C"
1666700873788	Marionette	INFO	Marionette enabled
1666700873792	Marionette	INFO	Listening on port 56536
Read port: 56536
WebDriver BiDi listening on ws://127.0.0.1:56527
1666700873898	RemoteAgent	WARN	TLS certificate errors will be ignored for this session
console.warn: SearchSettings: "get: No settings file exists, new profile?" (new NotFoundError("Could not open the file at C:\\Users\\Martin\\AppData\\Local\\Temp\\rust_mozprofilesF831C\\search.json.mozlz4", (void 0)))
DevTools listening on ws://127.0.0.1:56527/devtools/browser/bc13d5fd-f21c-4cc1-81a3-d54cfaca9b44
JavaScript warning: https://pagead2.googlesyndication.com/bg/S59cL8NpNlz03nuQ7M-TG0OvY6nWg2CBBQLmeE6XtI4.js line 2 > eval line 572 > eval line 1 > eval line 1 > eval, line 1: WEBGL_debug_renderer_info is deprecated in Firefox and will be removed. Please use RENDERER.
JavaScript error: https://3e125a062ae0ab1bddd7de4514d4fceb.safeframe.googlesyndication.com/safeframe/1-0-38/html/container.html, line 1197: SyntaxError: expected expression, got ','
JavaScript warning: https://www.googletagmanager.com/gtm.js?id=GTM-P528B3&gtm_auth=tfAzqo1rYDLgYhmTnSjPqw&gtm_preview=env-130&gtm_cookies_win=x, line 1: unreachable code after return statement
JavaScript warning: https://pagead2.googlesyndication.com/bg/S59cL8NpNlz03nuQ7M-TG0OvY6nWg2CBBQLmeE6XtI4.js line 2 > eval line 128 > eval line 1 > eval line 1 > eval, line 1: WEBGL_debug_renderer_info is deprecated in Firefox and will be removed. Please use RENDERER.
JavaScript error: https://7d3edcce6d50e6a2414d54d1abcdac4b.safeframe.googlesyndication.com/safeframe/1-0-38/html/container.html, line 1197: SyntaxError: expected expression, got ','
JavaScript error: https://7d3edcce6d50e6a2414d54d1abcdac4b.safeframe.googlesyndication.com/safeframe/1-0-38/html/container.html, line 523: TypeError: posterElement is undefined
JavaScript warning: https://www.googletagmanager.com/gtm.js?id=GTM-P528B3&gtm_auth=tfAzqo1rYDLgYhmTnSjPqw&gtm_preview=env-130&gtm_cookies_win=x, line 1: unreachable code after return statement
JavaScript error: , line 0: NS_ERROR_NOT_AVAILABLE
1666874266207	Marionette	INFO	Stopped listening on port 56536
console.warn: TopSitesFeed: Failed to fetch data from Contile server: NetworkError when attempting to fetch resource.
" "localhost" "-no-remote" "-profile" "C:\\Users\\Martin\\AppData\\Local\\Temp\\rust_mozprofile9J4HFx"
1666784153144	Marionette	INFO	Marionette enabled
1666784153149	Marionette	INFO	Listening on port 64788
WebDriver BiDi listening on ws://127.0.0.1:64776
Read port: 64788
1666784153405	RemoteAgent	WARN	TLS certificate errors will be ignored for this session
console.warn: SearchSettings: "get: No settings file exists, new profile?" (new NotFoundError("Could not open the file at C:\\Users\\Martin\\AppData\\Local\\Temp\\rust_mozprofile9J4HFx\\search.json.mozlz4", (void 0)))
DevTools listening on ws://127.0.0.1:64776/devtools/browser/552d47b2-c637-455c-bc48-1179a74a1b63
JavaScript warning: https://pagead2.googlesyndication.com/bg/S59cL8NpNlz03nuQ7M-TG0OvY6nWg2CBBQLmeE6XtI4.js line 2 > eval line 745 > eval line 1 > eval line 1 > eval, line 1: WEBGL_debug_renderer_info is deprecated in Firefox and will be removed. Please use RENDERER.
JavaScript error: https://af8dd7468d04eed90fcdb176ad9bc0f3.safeframe.googlesyndication.com/safeframe/1-0-38/html/container.html, line 1198: SyntaxError: expected expression, got ','
JavaScript warning: https://www.googletagmanager.com/gtm.js?id=GTM-P528B3&gtm_auth=tfAzqo1rYDLgYhmTnSjPqw&gtm_preview=env-130&gtm_cookies_win=x, line 1: unreachable code after return statement
JavaScript warning: https://pagead2.googlesyndication.com/bg/HZrunHRjvTX5MIeL6Ibl7iJKqMmAAzHWmbkaKM7M3x0.js line 2 > eval line 4258 > eval line 1 > eval line 1 > eval, line 1: WEBGL_debug_renderer_info is deprecated in Firefox and will be removed. Please use RENDERER.
JavaScript error: , line 0: NS_ERROR_NOT_AVAILABLE
JavaScript warning: https://www.googletagmanager.com/gtm.js?id=GTM-P528B3&gtm_auth=tfAzqo1rYDLgYhmTnSjPqw&gtm_preview=env-130&gtm_cookies_win=x, line 1: unreachable code after return statement
1666874267588	Marionette	INFO	Stopped listening on port 64788
console.warn: TopSitesFeed: Failed to fetch data from Contile server: NetworkError when attempting to fetch resource.
e enabled
1666873766822	Marionette	INFO	Listening on port 62588
Read port: 62588
WebDriver BiDi listening on ws://127.0.0.1:62578
1666873766928	RemoteAgent	WARN	TLS certificate errors will be ignored for this session
console.warn: SearchSettings: "get: No settings file exists, new profile?" (new NotFoundError("Could not open the file at C:\\Users\\Martin\\AppData\\Local\\Temp\\rust_mozprofileFwdeoE\\search.json.mozlz4", (void 0)))
DevTools listening on ws://127.0.0.1:62578/devtools/browser/c68e90df-2326-49af-a186-e20df62826ef
JavaScript warning: https://pagead2.googlesyndication.com/bg/HZrunHRjvTX5MIeL6Ibl7iJKqMmAAzHWmbkaKM7M3x0.js line 2 > eval line 2327 > eval line 1 > eval line 1 > eval, line 1: WEBGL_debug_renderer_info is deprecated in Firefox and will be removed. Please use RENDERER.
JavaScript warning: https://pagead2.googlesyndication.com/bg/HZrunHRjvTX5MIeL6Ibl7iJKqMmAAzHWmbkaKM7M3x0.js line 2 > eval line 3137 > eval line 1 > eval line 1 > eval, line 1: WEBGL_debug_renderer_info is deprecated in Firefox and will be removed. Please use RENDERER.
1666873923700	Marionette	INFO	Stopped listening on port 62588
JavaScript error: , line 0: TypeError: NetworkError when attempting to fetch resource.
console.warn: TopSitesFeed: Failed to fetch data from Contile server: NetworkError when attempting to fetch resource.
" "C:\\Users\\Martin\\AppData\\Local\\Temp\\rust_mozprofileRsJqmo"
1666873910949	Marionette	INFO	Marionette enabled
1666873910953	Marionette	INFO	Listening on port 62817
Read port: 62817
WebDriver BiDi listening on ws://127.0.0.1:62807
1666873911058	RemoteAgent	WARN	TLS certificate errors will be ignored for this session
console.warn: SearchSettings: "get: No settings file exists, new profile?" (new NotFoundError("Could not open the file at C:\\Users\\Martin\\AppData\\Local\\Temp\\rust_mozprofileRsJqmo\\search.json.mozlz4", (void 0)))
DevTools listening on ws://127.0.0.1:62807/devtools/browser/0f7c291b-4b98-45b5-b584-572dd8e7c085
JavaScript error: https://358cdce34c701cc14c7c33664e30f364.safeframe.googlesyndication.com/safeframe/1-0-38/html/container.html, line 1198: SyntaxError: expected expression, got ','
JavaScript warning: https://pagead2.googlesyndication.com/bg/HZrunHRjvTX5MIeL6Ibl7iJKqMmAAzHWmbkaKM7M3x0.js line 2 > eval line 1367 > eval line 1 > eval line 1 > eval, line 1: WEBGL_debug_renderer_info is deprecated in Firefox and will be removed. Please use RENDERER.
JavaScript warning: https://www.googletagmanager.com/gtm.js?id=GTM-P528B3&gtm_auth=tfAzqo1rYDLgYhmTnSjPqw&gtm_preview=env-130&gtm_cookies_win=x, line 1: unreachable code after return statement
JavaScript warning: https://pagead2.googlesyndication.com/bg/HZrunHRjvTX5MIeL6Ibl7iJKqMmAAzHWmbkaKM7M3x0.js line 2 > eval line 5354 > eval line 1 > eval line 1 > eval, line 1: WEBGL_debug_renderer_info is deprecated in Firefox and will be removed. Please use RENDERER.
JavaScript error: https://abf877e39f7186bda23548d7b9ba7528.safeframe.googlesyndication.com/safeframe/1-0-38/html/container.html, line 1198: SyntaxError: expected expression, got ','
JavaScript error: https://abf877e39f7186bda23548d7b9ba7528.safeframe.googlesyndication.com/safeframe/1-0-38/html/container.html, line 523: TypeError: posterElement is undefined
JavaScript warning: https://www.googletagmanager.com/gtm.js?id=GTM-P528B3&gtm_auth=tfAzqo1rYDLgYhmTnSjPqw&gtm_preview=env-130&gtm_cookies_win=x, line 1: unreachable code after return statement
JavaScript error: , line 0: NS_ERROR_NOT_AVAILABLE
1666963266647	Marionette	INFO	Stopped listening on port 62817
console.warn: TopSitesFeed: Failed to fetch data from Contile server: NetworkError when attempting to fetch resource.
zilla Firefox\\firefox.exe" "--marionette" "--remote-debugging-port" "57938" "--remote-allow-hosts" "localhost" "-no-remote" "-profile" "C:\\Users\\Martin\\AppData\\Local\\Temp\\rust_mozprofileRggcps"
1666956851673	geckodriver	INFO	Listening on 127.0.0.1:58007
1666956853680	mozrunner::runner	INFO	Running command: "C:\\Program Files\\Mozilla Firefox\\firefox.exe" "--marionette" "--remote-debugging-port" "58008" "--remote-allow-hosts" "localhost" "-no-remote" "-profile" "C:\\Users\\Martin\\AppData\\Local\\Temp\\rust_mozprofilemKcr3b"
1666956854003	Marionette	INFO	Marionette enabled
1666956854007	Marionette	INFO	Listening on port 58018
WebDriver BiDi listening on ws://127.0.0.1:58008
Read port: 58018
1666956854196	RemoteAgent	WARN	TLS certificate errors will be ignored for this session
console.warn: SearchSettings: "get: No settings file exists, new profile?" (new NotFoundError("Could not open the file at C:\\Users\\Martin\\AppData\\Local\\Temp\\rust_mozprofilemKcr3b\\search.json.mozlz4", (void 0)))
DevTools listening on ws://127.0.0.1:58008/devtools/browser/3bf0a178-a8eb-46a8-a4db-af8727e5a02f
JavaScript warning: https://pagead2.googlesyndication.com/bg/vLbRz7g6TQ5oo3iSl-9A8cc-tNTKSUSKynQIdvKxkcY.js line 2 > eval line 4438 > eval line 1 > eval line 1 > eval, line 1: WEBGL_debug_renderer_info is deprecated in Firefox and will be removed. Please use RENDERER.
JavaScript error: , line 0: NS_ERROR_NOT_AVAILABLE
1666963303586	Marionette	INFO	Stopped listening on port 58018
console.warn: TopSitesFeed: Failed to fetch data from Contile server: NetworkError when attempting to fetch resource.
" "localhost" "-no-remote" "-profile" "C:\\Users\\Martin\\AppData\\Local\\Temp\\rust_mozprofileeQMpMy"
1666956934557	Marionette	INFO	Marionette enabled
1666956934562	Marionette	INFO	Listening on port 58182
Read port: 58182
WebDriver BiDi listening on ws://127.0.0.1:58170
1666956934669	RemoteAgent	WARN	TLS certificate errors will be ignored for this session
console.warn: SearchSettings: "get: No settings file exists, new profile?" (new NotFoundError("Could not open the file at C:\\Users\\Martin\\AppData\\Local\\Temp\\rust_mozprofileeQMpMy\\search.json.mozlz4", (void 0)))
1666956936298	Marionette	INFO	Stopped listening on port 58182
1666956936305	CDP	WARN	Failed to remove undefined (Could not parse path (undefined): NS_ERROR_FILE_UNRECOGNIZED_PATH)
JavaScript error: resource://gre/modules/AsyncShutdown.jsm, line 719: Error: Phase "quit-application-granted" is finished, it is too late to register completion condition "ContentParent: id=7df8a2bc00"
console.warn: TopSitesFeed: Failed to fetch data from Contile server: NetworkError when attempting to fetch resource.
